<?xml version="1.0" encoding="UTF-8"?>
<!-- Generated by org.testng.reporters.JUnitXMLReporter -->
<testsuite hostname="rubik" name="Command line test" tests="4" failures="0" timestamp="4 Mar 2013 14:06:08 GMT" time="0.044" errors="0">
  <testcase name="testInstantiation" time="0.014" classname="btrplace.model.constraint.AmongTest"/>
  <testcase name="testContinuousIsSatisfied" time="0.012" classname="btrplace.model.constraint.AmongTest"/>
  <testcase name="testDiscreteIsSatisfied" time="0.001" classname="btrplace.model.constraint.AmongTest"/>
  <testcase name="testEqualsHashCode" time="0.001" classname="btrplace.model.constraint.AmongTest"/>
</testsuite> <!-- Command line test -->
